[0m[[0m[0mdebug[0m] [0m[0m> Exec(testOnly *Ex0WordcountSpec, Some(6e4ffa8b-15ab-47f7-bf15-81b11f32d5bc), Some(CommandSource(console0)))[0m
[0m[[0m[0mdebug[0m] [0m[0mEvaluating tasks: Test / testOnly[0m
[0m[[0m[0mdebug[0m] [0m[0mRunning task... Cancel: Signal, check cycles: false, forcegc: true[0m
[0m[[0m[0minfo[0m] [0m[0mcompiling 1 Scala source to D:\OneDrive - Efrei\Bureau\ECOLE\DataEngineering\spark-lab-json\target\scala-2.12\test-classes ...[0m
[0m[[0m[0minfo[0m] [0m[0m[32mEx0WordcountSpec:[0m[0m
[0m[[0m[0minfo[0m] [0m[0m[31mcom.tp.spark.core.Ex0WordcountSpec *** ABORTED ***[0m[0m
[0m[[0m[0minfo[0m] [0m[0m[31m  java.lang.ExceptionInInitializerError:[0m[0m
[0m[[0m[0minfo[0m] [0m[0m[31m  at org.apache.spark.unsafe.array.ByteArrayMethods.<clinit>(ByteArrayMethods.java:54)[0m[0m
[0m[[0m[0minfo[0m] [0m[0m[31m  at org.apache.spark.internal.config.package$.<init>(package.scala:1095)[0m[0m
[0m[[0m[0minfo[0m] [0m[0m[31m  at org.apache.spark.internal.config.package$.<clinit>(package.scala)[0m[0m
[0m[[0m[0minfo[0m] [0m[0m[31m  at org.apache.spark.SparkConf$.<init>(SparkConf.scala:654)[0m[0m
[0m[[0m[0minfo[0m] [0m[0m[31m  at org.apache.spark.SparkConf$.<clinit>(SparkConf.scala)[0m[0m
[0m[[0m[0minfo[0m] [0m[0m[31m  at org.apache.spark.SparkConf.set(SparkConf.scala:94)[0m[0m
[0m[[0m[0minfo[0m] [0m[0m[31m  at org.apache.spark.SparkConf.set(SparkConf.scala:83)[0m[0m
[0m[[0m[0minfo[0m] [0m[0m[31m  at org.apache.spark.SparkConf.setAppName(SparkConf.scala:120)[0m[0m
[0m[[0m[0minfo[0m] [0m[0m[31m  at com.tp.spark.core.Ex0Wordcount$.loadData(Ex0Wordcount.scala:29)[0m[0m
[0m[[0m[0minfo[0m] [0m[0m[31m  at com.tp.spark.core.Ex0WordcountSpec.$anonfun$new$1(Ex0WordcountSpec.scala:12)[0m[0m
[0m[[0m[0minfo[0m] [0m[0m[31m  ...[0m[0m
[0m[[0m[0minfo[0m] [0m[0m[31m  Cause: java.lang.reflect.InaccessibleObjectException: Unable to make private java.nio.DirectByteBuffer(long,int) accessible: module java.base does not "opens java.nio" to unnamed module @5d4d4f91[0m[0m
[0m[[0m[0minfo[0m] [0m[0m[31m  at java.base/java.lang.reflect.AccessibleObject.checkCanSetAccessible(AccessibleObject.java:354)[0m[0m
[0m[[0m[0minfo[0m] [0m[0m[31m  at java.base/java.lang.reflect.AccessibleObject.checkCanSetAccessible(AccessibleObject.java:297)[0m[0m
[0m[[0m[0minfo[0m] [0m[0m[31m  at java.base/java.lang.reflect.Constructor.checkCanSetAccessible(Constructor.java:188)[0m[0m
[0m[[0m[0minfo[0m] [0m[0m[31m  at java.base/java.lang.reflect.Constructor.setAccessible(Constructor.java:181)[0m[0m
[0m[[0m[0minfo[0m] [0m[0m[31m  at org.apache.spark.unsafe.Platform.<clinit>(Platform.java:56)[0m[0m
[0m[[0m[0minfo[0m] [0m[0m[31m  at org.apache.spark.unsafe.array.ByteArrayMethods.<clinit>(ByteArrayMethods.java:54)[0m[0m
[0m[[0m[0minfo[0m] [0m[0m[31m  at org.apache.spark.internal.config.package$.<init>(package.scala:1095)[0m[0m
[0m[[0m[0minfo[0m] [0m[0m[31m  at org.apache.spark.internal.config.package$.<clinit>(package.scala)[0m[0m
[0m[[0m[0minfo[0m] [0m[0m[31m  at org.apache.spark.SparkConf$.<init>(SparkConf.scala:654)[0m[0m
[0m[[0m[0minfo[0m] [0m[0m[31m  at org.apache.spark.SparkConf$.<clinit>(SparkConf.scala)[0m[0m
[0m[[0m[0minfo[0m] [0m[0m[31m  ...[0m[0m
[0m[[0m[0mdebug[0m] [0m[0mForcing garbage collection...[0m
[0m[[0m[31merror[0m] [0m[0mjava.lang.ExceptionInInitializerError[0m
[0m[[0m[31merror[0m] [0m[0m	at org.apache.spark.unsafe.array.ByteArrayMethods.<clinit>(ByteArrayMethods.java:54)[0m
[0m[[0m[31merror[0m] [0m[0m	at org.apache.spark.internal.config.package$.<init>(package.scala:1095)[0m
[0m[[0m[31merror[0m] [0m[0m	at org.apache.spark.internal.config.package$.<clinit>(package.scala)[0m
[0m[[0m[31merror[0m] [0m[0m	at org.apache.spark.SparkConf$.<init>(SparkConf.scala:654)[0m
[0m[[0m[31merror[0m] [0m[0m	at org.apache.spark.SparkConf$.<clinit>(SparkConf.scala)[0m
[0m[[0m[31merror[0m] [0m[0m	at org.apache.spark.SparkConf.set(SparkConf.scala:94)[0m
[0m[[0m[31merror[0m] [0m[0m	at org.apache.spark.SparkConf.set(SparkConf.scala:83)[0m
[0m[[0m[31merror[0m] [0m[0m	at org.apache.spark.SparkConf.setAppName(SparkConf.scala:120)[0m
[0m[[0m[31merror[0m] [0m[0m	at com.tp.spark.core.Ex0Wordcount$.loadData(Ex0Wordcount.scala:29)[0m
[0m[[0m[31merror[0m] [0m[0m	at com.tp.spark.core.Ex0WordcountSpec.$anonfun$new$1(Ex0WordcountSpec.scala:12)[0m
[0m[[0m[31merror[0m] [0m[0m	at org.scalatest.OutcomeOf.outcomeOf(OutcomeOf.scala:85)[0m
[0m[[0m[31merror[0m] [0m[0m	at org.scalatest.OutcomeOf.outcomeOf$(OutcomeOf.scala:83)[0m
[0m[[0m[31merror[0m] [0m[0m	at org.scalatest.OutcomeOf$.outcomeOf(OutcomeOf.scala:104)[0m
[0m[[0m[31merror[0m] [0m[0m	at org.scalatest.Transformer.apply(Transformer.scala:22)[0m
[0m[[0m[31merror[0m] [0m[0m	at org.scalatest.Transformer.apply(Transformer.scala:20)[0m
[0m[[0m[31merror[0m] [0m[0m	at org.scalatest.FunSuiteLike$$anon$1.apply(FunSuiteLike.scala:186)[0m
[0m[[0m[31merror[0m] [0m[0m	at org.scalatest.TestSuite.withFixture(TestSuite.scala:196)[0m
[0m[[0m[31merror[0m] [0m[0m	at org.scalatest.TestSuite.withFixture$(TestSuite.scala:195)[0m
[0m[[0m[31merror[0m] [0m[0m	at org.scalatest.FunSuite.withFixture(FunSuite.scala:1560)[0m
[0m[[0m[31merror[0m] [0m[0m	at org.scalatest.FunSuiteLike.invokeWithFixture$1(FunSuiteLike.scala:184)[0m
[0m[[0m[31merror[0m] [0m[0m	at org.scalatest.FunSuiteLike.$anonfun$runTest$1(FunSuiteLike.scala:196)[0m
[0m[[0m[31merror[0m] [0m[0m	at org.scalatest.SuperEngine.runTestImpl(Engine.scala:286)[0m
[0m[[0m[31merror[0m] [0m[0m	at org.scalatest.FunSuiteLike.runTest(FunSuiteLike.scala:196)[0m
[0m[[0m[31merror[0m] [0m[0m	at org.scalatest.FunSuiteLike.runTest$(FunSuiteLike.scala:178)[0m
[0m[[0m[31merror[0m] [0m[0m	at org.scalatest.FunSuite.runTest(FunSuite.scala:1560)[0m
[0m[[0m[31merror[0m] [0m[0m	at org.scalatest.FunSuiteLike.$anonfun$runTests$1(FunSuiteLike.scala:229)[0m
[0m[[0m[31merror[0m] [0m[0m	at org.scalatest.SuperEngine.$anonfun$runTestsInBranch$1(Engine.scala:393)[0m
[0m[[0m[31merror[0m] [0m[0m	at scala.collection.immutable.List.foreach(List.scala:392)[0m
[0m[[0m[31merror[0m] [0m[0m	at org.scalatest.SuperEngine.traverseSubNodes$1(Engine.scala:381)[0m
[0m[[0m[31merror[0m] [0m[0m	at org.scalatest.SuperEngine.runTestsInBranch(Engine.scala:376)[0m
[0m[[0m[31merror[0m] [0m[0m	at org.scalatest.SuperEngine.runTestsImpl(Engine.scala:458)[0m
[0m[[0m[31merror[0m] [0m[0m	at org.scalatest.FunSuiteLike.runTests(FunSuiteLike.scala:229)[0m
[0m[[0m[31merror[0m] [0m[0m	at org.scalatest.FunSuiteLike.runTests$(FunSuiteLike.scala:228)[0m
[0m[[0m[31merror[0m] [0m[0m	at org.scalatest.FunSuite.runTests(FunSuite.scala:1560)[0m
[0m[[0m[31merror[0m] [0m[0m	at org.scalatest.Suite.run(Suite.scala:1124)[0m
[0m[[0m[31merror[0m] [0m[0m	at org.scalatest.Suite.run$(Suite.scala:1106)[0m
[0m[[0m[31merror[0m] [0m[0m	at org.scalatest.FunSuite.org$scalatest$FunSuiteLike$$super$run(FunSuite.scala:1560)[0m
[0m[[0m[31merror[0m] [0m[0m	at org.scalatest.FunSuiteLike.$anonfun$run$1(FunSuiteLike.scala:233)[0m
[0m[[0m[31merror[0m] [0m[0m	at org.scalatest.SuperEngine.runImpl(Engine.scala:518)[0m
[0m[[0m[31merror[0m] [0m[0m	at org.scalatest.FunSuiteLike.run(FunSuiteLike.scala:233)[0m
[0m[[0m[31merror[0m] [0m[0m	at org.scalatest.FunSuiteLike.run$(FunSuiteLike.scala:232)[0m
[0m[[0m[31merror[0m] [0m[0m	at org.scalatest.FunSuite.run(FunSuite.scala:1560)[0m
[0m[[0m[31merror[0m] [0m[0m	at org.scalatest.tools.Framework.org$scalatest$tools$Framework$$runSuite(Framework.scala:317)[0m
[0m[[0m[31merror[0m] [0m[0m	at org.scalatest.tools.Framework$ScalaTestTask.execute(Framework.scala:510)[0m
[0m[[0m[31merror[0m] [0m[0m	at sbt.TestRunner.runTest$1(TestFramework.scala:146)[0m
[0m[[0m[31merror[0m] [0m[0m	at sbt.TestRunner.run(TestFramework.scala:161)[0m
[0m[[0m[31merror[0m] [0m[0m	at sbt.TestFramework$$anon$3$$anonfun$$lessinit$greater$1.$anonfun$apply$1(TestFramework.scala:324)[0m
[0m[[0m[31merror[0m] [0m[0m	at sbt.TestFramework$.sbt$TestFramework$$withContextLoader(TestFramework.scala:284)[0m
[0m[[0m[31merror[0m] [0m[0m	at sbt.TestFramework$$anon$3$$anonfun$$lessinit$greater$1.apply(TestFramework.scala:324)[0m
[0m[[0m[31merror[0m] [0m[0m	at sbt.TestFramework$$anon$3$$anonfun$$lessinit$greater$1.apply(TestFramework.scala:324)[0m
[0m[[0m[31merror[0m] [0m[0m	at sbt.TestFunction.apply(TestFramework.scala:336)[0m
[0m[[0m[31merror[0m] [0m[0m	at sbt.Tests$.$anonfun$toTask$1(Tests.scala:435)[0m
[0m[[0m[31merror[0m] [0m[0m	at sbt.std.Transform$$anon$3.$anonfun$apply$2(Transform.scala:46)[0m
[0m[[0m[31merror[0m] [0m[0m	at sbt.std.Transform$$anon$4.work(Transform.scala:68)[0m
[0m[[0m[31merror[0m] [0m[0m	at sbt.Execute.$anonfun$submit$2(Execute.scala:282)[0m
[0m[[0m[31merror[0m] [0m[0m	at sbt.internal.util.ErrorHandling$.wideConvert(ErrorHandling.scala:23)[0m
[0m[[0m[31merror[0m] [0m[0m	at sbt.Execute.work(Execute.scala:291)[0m
[0m[[0m[31merror[0m] [0m[0m	at sbt.Execute.$anonfun$submit$1(Execute.scala:282)[0m
[0m[[0m[31merror[0m] [0m[0m	at sbt.ConcurrentRestrictions$$anon$4.$anonfun$submitValid$1(ConcurrentRestrictions.scala:265)[0m
[0m[[0m[31merror[0m] [0m[0m	at sbt.CompletionService$$anon$2.call(CompletionService.scala:64)[0m
[0m[[0m[31merror[0m] [0m[0m	at java.base/java.util.concurrent.FutureTask.run(FutureTask.java:264)[0m
[0m[[0m[31merror[0m] [0m[0m	at java.base/java.util.concurrent.Executors$RunnableAdapter.call(Executors.java:539)[0m
[0m[[0m[31merror[0m] [0m[0m	at java.base/java.util.concurrent.FutureTask.run(FutureTask.java:264)[0m
[0m[[0m[31merror[0m] [0m[0m	at java.base/java.util.concurrent.ThreadPoolExecutor.runWorker(ThreadPoolExecutor.java:1136)[0m
[0m[[0m[31merror[0m] [0m[0m	at java.base/java.util.concurrent.ThreadPoolExecutor$Worker.run(ThreadPoolExecutor.java:635)[0m
[0m[[0m[31merror[0m] [0m[0m	at java.base/java.lang.Thread.run(Thread.java:833)[0m
[0m[[0m[31merror[0m] [0m[0mCaused by: java.lang.reflect.InaccessibleObjectException: Unable to make private java.nio.DirectByteBuffer(long,int) accessible: module java.base does not "opens java.nio" to unnamed module @5d4d4f91[0m
[0m[[0m[31merror[0m] [0m[0m	at java.base/java.lang.reflect.AccessibleObject.checkCanSetAccessible(AccessibleObject.java:354)[0m
[0m[[0m[31merror[0m] [0m[0m	at java.base/java.lang.reflect.AccessibleObject.checkCanSetAccessible(AccessibleObject.java:297)[0m
[0m[[0m[31merror[0m] [0m[0m	at java.base/java.lang.reflect.Constructor.checkCanSetAccessible(Constructor.java:188)[0m
[0m[[0m[31merror[0m] [0m[0m	at java.base/java.lang.reflect.Constructor.setAccessible(Constructor.java:181)[0m
[0m[[0m[31merror[0m] [0m[0m	at org.apache.spark.unsafe.Platform.<clinit>(Platform.java:56)[0m
[0m[[0m[31merror[0m] [0m[0m	at org.apache.spark.unsafe.array.ByteArrayMethods.<clinit>(ByteArrayMethods.java:54)[0m
[0m[[0m[31merror[0m] [0m[0m	at org.apache.spark.internal.config.package$.<init>(package.scala:1095)[0m
[0m[[0m[31merror[0m] [0m[0m	at org.apache.spark.internal.config.package$.<clinit>(package.scala)[0m
[0m[[0m[31merror[0m] [0m[0m	at org.apache.spark.SparkConf$.<init>(SparkConf.scala:654)[0m
[0m[[0m[31merror[0m] [0m[0m	at org.apache.spark.SparkConf$.<clinit>(SparkConf.scala)[0m
[0m[[0m[31merror[0m] [0m[0m	at org.apache.spark.SparkConf.set(SparkConf.scala:94)[0m
[0m[[0m[31merror[0m] [0m[0m	at org.apache.spark.SparkConf.set(SparkConf.scala:83)[0m
[0m[[0m[31merror[0m] [0m[0m	at org.apache.spark.SparkConf.setAppName(SparkConf.scala:120)[0m
[0m[[0m[31merror[0m] [0m[0m	at com.tp.spark.core.Ex0Wordcount$.loadData(Ex0Wordcount.scala:29)[0m
[0m[[0m[31merror[0m] [0m[0m	at com.tp.spark.core.Ex0WordcountSpec.$anonfun$new$1(Ex0WordcountSpec.scala:12)[0m
[0m[[0m[31merror[0m] [0m[0m	at org.scalatest.OutcomeOf.outcomeOf(OutcomeOf.scala:85)[0m
[0m[[0m[31merror[0m] [0m[0m	at org.scalatest.OutcomeOf.outcomeOf$(OutcomeOf.scala:83)[0m
[0m[[0m[31merror[0m] [0m[0m	at org.scalatest.OutcomeOf$.outcomeOf(OutcomeOf.scala:104)[0m
[0m[[0m[31merror[0m] [0m[0m	at org.scalatest.Transformer.apply(Transformer.scala:22)[0m
[0m[[0m[31merror[0m] [0m[0m	at org.scalatest.Transformer.apply(Transformer.scala:20)[0m
[0m[[0m[31merror[0m] [0m[0m	at org.scalatest.FunSuiteLike$$anon$1.apply(FunSuiteLike.scala:186)[0m
[0m[[0m[31merror[0m] [0m[0m	at org.scalatest.TestSuite.withFixture(TestSuite.scala:196)[0m
[0m[[0m[31merror[0m] [0m[0m	at org.scalatest.TestSuite.withFixture$(TestSuite.scala:195)[0m
[0m[[0m[31merror[0m] [0m[0m	at org.scalatest.FunSuite.withFixture(FunSuite.scala:1560)[0m
[0m[[0m[31merror[0m] [0m[0m	at org.scalatest.FunSuiteLike.invokeWithFixture$1(FunSuiteLike.scala:184)[0m
[0m[[0m[31merror[0m] [0m[0m	at org.scalatest.FunSuiteLike.$anonfun$runTest$1(FunSuiteLike.scala:196)[0m
[0m[[0m[31merror[0m] [0m[0m	at org.scalatest.SuperEngine.runTestImpl(Engine.scala:286)[0m
[0m[[0m[31merror[0m] [0m[0m	at org.scalatest.FunSuiteLike.runTest(FunSuiteLike.scala:196)[0m
[0m[[0m[31merror[0m] [0m[0m	at org.scalatest.FunSuiteLike.runTest$(FunSuiteLike.scala:178)[0m
[0m[[0m[31merror[0m] [0m[0m	at org.scalatest.FunSuite.runTest(FunSuite.scala:1560)[0m
[0m[[0m[31merror[0m] [0m[0m	at org.scalatest.FunSuiteLike.$anonfun$runTests$1(FunSuiteLike.scala:229)[0m
[0m[[0m[31merror[0m] [0m[0m	at org.scalatest.SuperEngine.$anonfun$runTestsInBranch$1(Engine.scala:393)[0m
[0m[[0m[31merror[0m] [0m[0m	at scala.collection.immutable.List.foreach(List.scala:392)[0m
[0m[[0m[31merror[0m] [0m[0m	at org.scalatest.SuperEngine.traverseSubNodes$1(Engine.scala:381)[0m
[0m[[0m[31merror[0m] [0m[0m	at org.scalatest.SuperEngine.runTestsInBranch(Engine.scala:376)[0m
[0m[[0m[31merror[0m] [0m[0m	at org.scalatest.SuperEngine.runTestsImpl(Engine.scala:458)[0m
[0m[[0m[31merror[0m] [0m[0m	at org.scalatest.FunSuiteLike.runTests(FunSuiteLike.scala:229)[0m
[0m[[0m[31merror[0m] [0m[0m	at org.scalatest.FunSuiteLike.runTests$(FunSuiteLike.scala:228)[0m
[0m[[0m[31merror[0m] [0m[0m	at org.scalatest.FunSuite.runTests(FunSuite.scala:1560)[0m
[0m[[0m[31merror[0m] [0m[0m	at org.scalatest.Suite.run(Suite.scala:1124)[0m
[0m[[0m[31merror[0m] [0m[0m	at org.scalatest.Suite.run$(Suite.scala:1106)[0m
[0m[[0m[31merror[0m] [0m[0m	at org.scalatest.FunSuite.org$scalatest$FunSuiteLike$$super$run(FunSuite.scala:1560)[0m
[0m[[0m[31merror[0m] [0m[0m	at org.scalatest.FunSuiteLike.$anonfun$run$1(FunSuiteLike.scala:233)[0m
[0m[[0m[31merror[0m] [0m[0m	at org.scalatest.SuperEngine.runImpl(Engine.scala:518)[0m
[0m[[0m[31merror[0m] [0m[0m	at org.scalatest.FunSuiteLike.run(FunSuiteLike.scala:233)[0m
[0m[[0m[31merror[0m] [0m[0m	at org.scalatest.FunSuiteLike.run$(FunSuiteLike.scala:232)[0m
[0m[[0m[31merror[0m] [0m[0m	at org.scalatest.FunSuite.run(FunSuite.scala:1560)[0m
[0m[[0m[31merror[0m] [0m[0m	at org.scalatest.tools.Framework.org$scalatest$tools$Framework$$runSuite(Framework.scala:317)[0m
[0m[[0m[31merror[0m] [0m[0m	at org.scalatest.tools.Framework$ScalaTestTask.execute(Framework.scala:510)[0m
[0m[[0m[31merror[0m] [0m[0m	at sbt.TestRunner.runTest$1(TestFramework.scala:146)[0m
[0m[[0m[31merror[0m] [0m[0m	at sbt.TestRunner.run(TestFramework.scala:161)[0m
[0m[[0m[31merror[0m] [0m[0m	at sbt.TestFramework$$anon$3$$anonfun$$lessinit$greater$1.$anonfun$apply$1(TestFramework.scala:324)[0m
[0m[[0m[31merror[0m] [0m[0m	at sbt.TestFramework$.sbt$TestFramework$$withContextLoader(TestFramework.scala:284)[0m
[0m[[0m[31merror[0m] [0m[0m	at sbt.TestFramework$$anon$3$$anonfun$$lessinit$greater$1.apply(TestFramework.scala:324)[0m
[0m[[0m[31merror[0m] [0m[0m	at sbt.TestFramework$$anon$3$$anonfun$$lessinit$greater$1.apply(TestFramework.scala:324)[0m
[0m[[0m[31merror[0m] [0m[0m	at sbt.TestFunction.apply(TestFramework.scala:336)[0m
[0m[[0m[31merror[0m] [0m[0m	at sbt.Tests$.$anonfun$toTask$1(Tests.scala:435)[0m
[0m[[0m[31merror[0m] [0m[0m	at sbt.std.Transform$$anon$3.$anonfun$apply$2(Transform.scala:46)[0m
[0m[[0m[31merror[0m] [0m[0m	at sbt.std.Transform$$anon$4.work(Transform.scala:68)[0m
[0m[[0m[31merror[0m] [0m[0m	at sbt.Execute.$anonfun$submit$2(Execute.scala:282)[0m
[0m[[0m[31merror[0m] [0m[0m	at sbt.internal.util.ErrorHandling$.wideConvert(ErrorHandling.scala:23)[0m
[0m[[0m[31merror[0m] [0m[0m	at sbt.Execute.work(Execute.scala:291)[0m
[0m[[0m[31merror[0m] [0m[0m	at sbt.Execute.$anonfun$submit$1(Execute.scala:282)[0m
[0m[[0m[31merror[0m] [0m[0m	at sbt.ConcurrentRestrictions$$anon$4.$anonfun$submitValid$1(ConcurrentRestrictions.scala:265)[0m
[0m[[0m[31merror[0m] [0m[0m	at sbt.CompletionService$$anon$2.call(CompletionService.scala:64)[0m
[0m[[0m[31merror[0m] [0m[0m	at java.base/java.util.concurrent.FutureTask.run(FutureTask.java:264)[0m
[0m[[0m[31merror[0m] [0m[0m	at java.base/java.util.concurrent.Executors$RunnableAdapter.call(Executors.java:539)[0m
[0m[[0m[31merror[0m] [0m[0m	at java.base/java.util.concurrent.FutureTask.run(FutureTask.java:264)[0m
[0m[[0m[31merror[0m] [0m[0m	at java.base/java.util.concurrent.ThreadPoolExecutor.runWorker(ThreadPoolExecutor.java:1136)[0m
[0m[[0m[31merror[0m] [0m[0m	at java.base/java.util.concurrent.ThreadPoolExecutor$Worker.run(ThreadPoolExecutor.java:635)[0m
[0m[[0m[31merror[0m] [0m[0m	at java.base/java.lang.Thread.run(Thread.java:833)[0m
[0m[[0m[31merror[0m] [0m[0m(Test / [31mtestOnly[0m) java.lang.ExceptionInInitializerError[0m
[0m[[0m[31merror[0m] [0m[0mTotal time: 7 s, completed 3 mars 2022, 09:33:30[0m
[0m[[0m[0mdebug[0m] [0m[0m> Exec(shell, None, None)[0m
[0m[[0m[31merror[0m] [0m[0mserver failed to start on local:sbt-server-9686d4c651102531e00c. java.io.IOException: Could not create lock for \\.\pipe\sbt-server-9686d4c651102531e00c_lock, error 5[0m
